info - Signed in sucessfully - 2024-10-29T07:43:43.210Z
info - Signed in sucessfully - 2024-10-29T07:44:51.385Z
info - Signed in sucessfully - 2024-10-29T07:45:10.629Z
error - Operation `employees.find()` buffering timed out after 10000ms - 2024-10-29T09:15:44.912Z
error - Operation `employees.find()` buffering timed out after 10000ms - 2024-10-29T09:16:27.893Z
error - Employee already signed up - 2024-10-29T09:41:48.451Z
error - Employee already signed up - 2024-10-29T09:47:07.383Z
error - user not found - 2024-10-29T10:31:37.253Z
error - user not found - 2024-10-29T10:31:57.676Z
error - password incorrect - 2024-10-29T10:32:02.269Z
error - password incorrect - 2024-10-29T10:32:07.488Z
error - password incorrect - 2024-10-29T10:32:10.506Z
error - password incorrect - 2024-10-29T10:34:06.494Z
error - password incorrect - 2024-10-29T10:35:16.290Z
info - logged in successfully - 2024-10-29T10:36:38.236Z
info - logged in successfully - 2024-10-29T10:37:08.283Z
info - logged in successfully - 2024-11-14T09:40:51.422Z
error - No more pending employees found - 2024-11-14T09:42:29.868Z
error - Employee already signed up - 2024-11-14T09:56:08.585Z
error - Employee already signed up - 2024-11-14T10:46:01.694Z
error - Employee already signed up - 2024-11-14T10:46:26.308Z
error - Employee already signed up - 2024-11-14T10:46:42.846Z
error - Employee already signed up - 2024-11-14T10:50:54.583Z
error - Employee already signed up - 2024-11-14T10:54:59.823Z
info - Signed in sucessfully - 2024-11-14T10:55:24.095Z
info - logged in successfully - 2024-11-14T10:55:32.936Z
info - Signed in sucessfully - 2024-11-14T11:22:27.710Z
error - Employee already signed up - 2024-11-14T11:22:56.064Z
info - Signed in sucessfully - 2024-11-14T11:24:28.015Z
error - No more pending employees found - 2024-11-14T11:25:11.904Z
error - No more pending employees found - 2024-11-14T11:27:58.289Z
error - No more pending employees found - 2024-11-14T13:10:16.494Z
info - Signed in sucessfully - 2024-11-14T13:11:00.738Z
error - No more pending employees found - 2024-11-14T13:11:05.135Z
info - Signed in sucessfully - 2024-11-14T13:12:28.810Z
info - Fetched pending employees successfully - 2024-11-14T13:12:52.026Z
error - Employee already signed up - 2024-11-14T13:33:54.010Z
